<?xml version="1.0" encoding="UTF-8"?>
<testng-results skipped="0" failed="0" ignored="0" total="1" passed="1">
  <reporter-output>
  </reporter-output>
  <suite name="Default suite" duration-ms="206390" started-at="2020-03-04T11:16:12 IST" finished-at="2020-03-04T11:19:38 IST">
    <groups>
    </groups>
    <test name="Default test" duration-ms="206390" started-at="2020-03-04T11:16:12 IST" finished-at="2020-03-04T11:19:38 IST">
      <class name="DigitalGM">
        <test-method status="PASS" signature="DigitalGM_Test()[pri:0, instance:DigitalGM@3632be31]" name="DigitalGM_Test" duration-ms="206321" started-at="2020-03-04T11:16:12 IST" finished-at="2020-03-04T11:19:38 IST">
          <reporter-output>
          </reporter-output>
        </test-method> <!-- DigitalGM_Test -->
      </class> <!-- DigitalGM -->
    </test> <!-- Default test -->
  </suite> <!-- Default suite -->
</testng-results>
